05-03 09:53:18 com_github_MitjaNemec_PlaceFootprints.action_place_footprints 405:Plugin executed on: 'win32'
05-03 09:53:18 com_github_MitjaNemec_PlaceFootprints.action_place_footprints 406:Plugin executed with python version: '3.9.16 (main, Apr  9 2023, 05:22:13) [MSC v.1934 64 bit (AMD64)]'
05-03 09:53:18 com_github_MitjaNemec_PlaceFootprints.action_place_footprints 407:KiCad build version: 7.0.2
05-03 09:53:18 com_github_MitjaNemec_PlaceFootprints.action_place_footprints 408:Plugin version: 2.0.3
05-03 09:53:18 com_github_MitjaNemec_PlaceFootprints.action_place_footprints 409:Frame repr: <wx._core.Frame object at 0x00000220C542E4C0>
05-03 09:53:18 com_github_MitjaNemec_PlaceFootprints.place_footprints 121:getting a list of all footprints on board
05-03 09:53:18 com_github_MitjaNemec_PlaceFootprints.place_footprints 140:Footprint G*** does not have Sheetfile property, it will not be considered for placement. Most likely it is only in layout
05-03 09:53:18 com_github_MitjaNemec_PlaceFootprints.place_footprints 156:Footprint R9 on root level
05-03 09:53:18 com_github_MitjaNemec_PlaceFootprints.place_footprints 156:Footprint R8 on root level
05-03 09:53:18 com_github_MitjaNemec_PlaceFootprints.place_footprints 156:Footprint R7 on root level
05-03 09:53:18 com_github_MitjaNemec_PlaceFootprints.place_footprints 156:Footprint R6 on root level
05-03 09:53:18 com_github_MitjaNemec_PlaceFootprints.place_footprints 156:Footprint R5 on root level
05-03 09:53:18 com_github_MitjaNemec_PlaceFootprints.place_footprints 156:Footprint R4 on root level
05-03 09:53:18 com_github_MitjaNemec_PlaceFootprints.place_footprints 156:Footprint R3 on root level
05-03 09:53:18 com_github_MitjaNemec_PlaceFootprints.place_footprints 156:Footprint R2 on root level
05-03 09:53:18 com_github_MitjaNemec_PlaceFootprints.place_footprints 156:Footprint U3 on root level
05-03 09:53:18 com_github_MitjaNemec_PlaceFootprints.place_footprints 156:Footprint U2 on root level
05-03 09:53:18 com_github_MitjaNemec_PlaceFootprints.place_footprints 156:Footprint U1 on root level
05-03 09:53:18 com_github_MitjaNemec_PlaceFootprints.place_footprints 156:Footprint TP4 on root level
05-03 09:53:18 com_github_MitjaNemec_PlaceFootprints.place_footprints 156:Footprint TP3 on root level
05-03 09:53:18 com_github_MitjaNemec_PlaceFootprints.place_footprints 156:Footprint TP2 on root level
05-03 09:53:18 com_github_MitjaNemec_PlaceFootprints.place_footprints 156:Footprint TP1 on root level
05-03 09:53:18 com_github_MitjaNemec_PlaceFootprints.place_footprints 156:Footprint RV1 on root level
05-03 09:53:18 com_github_MitjaNemec_PlaceFootprints.place_footprints 156:Footprint R_1 on root level
05-03 09:53:18 com_github_MitjaNemec_PlaceFootprints.place_footprints 156:Footprint D8 on root level
05-03 09:53:18 com_github_MitjaNemec_PlaceFootprints.place_footprints 156:Footprint D7 on root level
05-03 09:53:18 com_github_MitjaNemec_PlaceFootprints.place_footprints 156:Footprint D6 on root level
05-03 09:53:18 com_github_MitjaNemec_PlaceFootprints.place_footprints 156:Footprint D5 on root level
05-03 09:53:18 com_github_MitjaNemec_PlaceFootprints.place_footprints 156:Footprint D4 on root level
05-03 09:53:18 com_github_MitjaNemec_PlaceFootprints.place_footprints 156:Footprint D3 on root level
05-03 09:53:18 com_github_MitjaNemec_PlaceFootprints.place_footprints 156:Footprint D2 on root level
05-03 09:53:18 com_github_MitjaNemec_PlaceFootprints.place_footprints 156:Footprint D1 on root level
05-03 09:53:18 com_github_MitjaNemec_PlaceFootprints.place_footprints 156:Footprint C2 on root level
05-03 09:53:18 com_github_MitjaNemec_PlaceFootprints.place_footprints 156:Footprint C1 on root level
05-03 09:53:22 com_github_MitjaNemec_PlaceFootprints.action_place_footprints 588:Reference designator is: D
05-03 09:53:22 com_github_MitjaNemec_PlaceFootprints.action_place_footprints 589:Reference number is: 1
05-03 09:53:22 com_github_MitjaNemec_PlaceFootprints.action_place_footprints 621:Sorted and filtered list:
['D1', 'D2', 'D3', 'D4', 'D5', 'D6', 'D7', 'D8']
05-03 09:53:57 com_github_MitjaNemec_PlaceFootprints.action_place_footprints 659:Footprints to place:
['D1', 'D2', 'D3', 'D4', 'D5', 'D6', 'D7', 'D8']
05-03 09:53:57 com_github_MitjaNemec_PlaceFootprints.place_footprints 330:Starting placing with circular layout
05-03 09:53:57 com_github_MitjaNemec_PlaceFootprints.place_footprints 340:reference footprint position at: VECTOR2I(80005000, 62992000)
05-03 09:53:57 com_github_MitjaNemec_PlaceFootprints.place_footprints 345:rotation center at: (80005000, 92992000.0)
05-03 09:53:57 com_github_MitjaNemec_PlaceFootprints.place_footprints 450:Text of: D1 has property "Keep upright" rotation might not look as intended
05-03 09:53:57 com_github_MitjaNemec_PlaceFootprints.place_footprints 450:Text of: D1 has property "Keep upright" rotation might not look as intended
05-03 09:53:57 com_github_MitjaNemec_PlaceFootprints.place_footprints 450:Text of: D1 has property "Keep upright" rotation might not look as intended
05-03 09:53:57 com_github_MitjaNemec_PlaceFootprints.place_footprints 450:Text of: D1 has property "Keep upright" rotation might not look as intended
05-03 09:53:57 com_github_MitjaNemec_PlaceFootprints.place_footprints 450:Text of: D1 has property "Keep upright" rotation might not look as intended
05-03 09:53:57 com_github_MitjaNemec_PlaceFootprints.place_footprints 450:Text of: D1 has property "Keep upright" rotation might not look as intended
05-03 09:53:57 com_github_MitjaNemec_PlaceFootprints.place_footprints 450:Text of: D1 has property "Keep upright" rotation might not look as intended
05-03 09:53:57 com_github_MitjaNemec_PlaceFootprints.place_footprints 450:Text of: D1 has property "Keep upright" rotation might not look as intended
05-03 09:53:57 com_github_MitjaNemec_PlaceFootprints.place_footprints 450:Text of: D1 has property "Keep upright" rotation might not look as intended
05-03 09:53:57 com_github_MitjaNemec_PlaceFootprints.place_footprints 450:Text of: D1 has property "Keep upright" rotation might not look as intended
05-03 09:53:57 com_github_MitjaNemec_PlaceFootprints.place_footprints 450:Text of: D1 has property "Keep upright" rotation might not look as intended
05-03 09:53:57 com_github_MitjaNemec_PlaceFootprints.place_footprints 450:Text of: D1 has property "Keep upright" rotation might not look as intended
05-03 09:53:57 com_github_MitjaNemec_PlaceFootprints.place_footprints 450:Text of: D1 has property "Keep upright" rotation might not look as intended
05-03 09:53:57 com_github_MitjaNemec_PlaceFootprints.place_footprints 450:Text of: D1 has property "Keep upright" rotation might not look as intended
05-03 09:53:57 com_github_MitjaNemec_PlaceFootprints.place_footprints 450:Text of: D1 has property "Keep upright" rotation might not look as intended
05-03 09:53:57 com_github_MitjaNemec_PlaceFootprints.place_footprints 450:Text of: D1 has property "Keep upright" rotation might not look as intended
05-03 09:53:57 com_github_MitjaNemec_PlaceFootprints.place_footprints 450:Text of: D1 has property "Keep upright" rotation might not look as intended
05-03 09:53:57 com_github_MitjaNemec_PlaceFootprints.place_footprints 450:Text of: D1 has property "Keep upright" rotation might not look as intended
05-03 09:53:57 com_github_MitjaNemec_PlaceFootprints.place_footprints 450:Text of: D1 has property "Keep upright" rotation might not look as intended
05-03 09:53:57 com_github_MitjaNemec_PlaceFootprints.place_footprints 450:Text of: D1 has property "Keep upright" rotation might not look as intended
05-03 09:53:57 com_github_MitjaNemec_PlaceFootprints.place_footprints 450:Text of: D1 has property "Keep upright" rotation might not look as intended
05-03 09:53:57 com_github_MitjaNemec_PlaceFootprints.action_place_footprints 674:Placing complete
